<?xml version="1.0" encoding="UTF-8"?>
<!-- Generated by org.testng.reporters.JUnitReportReporter -->
<testsuite hostname="DESKTOP-E80BVRS" failures="0" tests="1" name="tests.LoginTest" time="27.604" errors="0" timestamp="2023-04-01T10:18:37 IST" skipped="0">
  <testcase classname="tests.LoginTest" name="login" time="27.604"/>
  <system-out/>
</testsuite> <!-- tests.LoginTest -->
