<?xml version="1.0" encoding="UTF-8"?>
<!-- Generated by org.testng.reporters.JUnitReportReporter -->
<testsuite hostname="DESKTOP-E80BVRS" failures="0" tests="1" name="tests.TwoTest" time="22.851" errors="0" timestamp="2023-04-01T10:18:37 IST" skipped="0">
  <testcase classname="tests.TwoTest" name="testTwo" time="22.851"/>
  <system-out/>
</testsuite> <!-- tests.TwoTest -->
