<?xml version="1.0" encoding="UTF-8"?>
<!-- Generated by org.testng.reporters.JUnitReportReporter -->
<testsuite hostname="DESKTOP-E80BVRS" failures="0" tests="1" name="tests.TwoTest" time="0.003" errors="0" timestamp="2023-03-29T17:48:00 IST" skipped="0">
  <testcase classname="tests.TwoTest" name="testTwo" time="0.003"/>
  <system-out/>
</testsuite> <!-- tests.TwoTest -->
