<?xml version="1.0" encoding="UTF-8"?>
<!-- Generated by org.testng.reporters.JUnitReportReporter -->
<testsuite hostname="DESKTOP-E80BVRS" failures="0" tests="1" name="tests.FourTest" time="0.011" errors="0" timestamp="2023-03-29T17:48:00 IST" skipped="0">
  <testcase classname="tests.FourTest" name="fourTest" time="0.011"/>
  <system-out/>
</testsuite> <!-- tests.FourTest -->
