<?xml version="1.0" encoding="UTF-8"?>
<!-- Generated by org.testng.reporters.JUnitReportReporter -->
<testsuite hostname="DESKTOP-E80BVRS" failures="0" tests="2" name="tests.LoginTest" time="33.050" errors="0" timestamp="2023-03-29T17:48:00 IST" skipped="0">
  <testcase classname="tests.LoginTest" name="login" time="23.221"/>
  <system-out/>
  <testcase classname="tests.LoginTest" name="login" time="9.829"/>
  <system-out/>
</testsuite> <!-- tests.LoginTest -->
